mode: set
template/server/helper/envget/envget.go:5.42,7.24 2 1
template/server/helper/envget/envget.go:10.5,10.17 1 1
template/server/helper/envget/envget.go:7.24,9.6 1 1
template/server/helper/validator/validator.go:11.46,13.20 1 1
template/server/helper/validator/validator.go:18.2,18.45 1 1
template/server/helper/validator/validator.go:23.2,23.67 1 1
template/server/helper/validator/validator.go:27.2,27.12 1 1
template/server/helper/validator/validator.go:13.20,15.3 1 1
template/server/helper/validator/validator.go:18.45,20.3 1 1
template/server/helper/validator/validator.go:23.67,25.3 1 1
template/server/helper/validator/validator.go:33.46,35.20 1 1
template/server/helper/validator/validator.go:40.2,40.45 1 1
template/server/helper/validator/validator.go:45.2,45.56 1 1
template/server/helper/validator/validator.go:50.2,50.56 1 1
template/server/helper/validator/validator.go:55.2,55.56 1 1
template/server/helper/validator/validator.go:60.2,60.61 1 1
template/server/helper/validator/validator.go:64.2,64.12 1 1
template/server/helper/validator/validator.go:35.20,37.3 1 1
template/server/helper/validator/validator.go:40.45,42.3 1 1
template/server/helper/validator/validator.go:45.56,47.3 1 1
template/server/helper/validator/validator.go:50.56,52.3 1 1
template/server/helper/validator/validator.go:55.56,57.3 1 1
template/server/helper/validator/validator.go:60.61,62.3 1 1
template/server/helper/generators/randString.go:15.44,19.70 3 1
template/server/helper/generators/randString.go:31.5,31.21 1 1
template/server/helper/generators/randString.go:19.70,20.24 1 1
template/server/helper/generators/randString.go:23.9,23.70 1 1
template/server/helper/generators/randString.go:27.9,28.17 2 1
template/server/helper/generators/randString.go:20.24,22.10 1 1
template/server/helper/generators/randString.go:23.70,26.10 2 1
template/server/helper/generators/randString.go:34.36,36.2 1 1
template/server/helper/generators/tokens.go:23.48,28.16 4 0
template/server/helper/generators/tokens.go:32.2,32.21 1 0
template/server/helper/generators/tokens.go:28.16,31.3 2 0
template/server/helper/generators/tokens.go:48.42,59.16 4 1
template/server/helper/generators/tokens.go:63.2,63.25 1 1
template/server/helper/generators/tokens.go:59.16,62.3 2 0
template/server/helper/generators/tokens.go:66.99,77.16 4 1
template/server/helper/generators/tokens.go:81.2,81.25 1 1
template/server/helper/generators/tokens.go:77.16,80.3 2 0
template/server/helper/generators/tokens.go:85.49,87.83 2 1
template/server/helper/generators/tokens.go:93.2,93.16 1 1
template/server/helper/generators/tokens.go:96.2,96.67 1 1
template/server/helper/generators/tokens.go:101.2,101.64 1 0
template/server/helper/generators/tokens.go:87.83,88.58 1 1
template/server/helper/generators/tokens.go:91.3,91.32 1 1
template/server/helper/generators/tokens.go:88.58,90.4 1 0
template/server/helper/generators/tokens.go:93.16,95.3 1 1
template/server/helper/generators/tokens.go:96.67,100.3 2 1
template/server/helper/generators/tokens.go:104.79,106.83 2 1
template/server/helper/generators/tokens.go:112.2,112.16 1 1
template/server/helper/generators/tokens.go:115.2,115.67 1 1
template/server/helper/generators/tokens.go:122.2,122.73 1 0
template/server/helper/generators/tokens.go:106.83,107.58 1 1
template/server/helper/generators/tokens.go:110.3,110.32 1 1
template/server/helper/generators/tokens.go:107.58,109.4 1 0
template/server/helper/generators/tokens.go:112.16,114.3 1 1
template/server/helper/generators/tokens.go:115.67,121.3 4 1
template/server/services/auth.go:42.33,44.38 1 1
template/server/services/auth.go:44.38,47.24 3 1
template/server/services/auth.go:51.3,51.26 1 1
template/server/services/auth.go:47.24,50.4 1 0
template/server/services/auth.go:52.8,54.3 1 1
template/server/services/auth.go:57.54,59.38 1 1
template/server/services/auth.go:64.2,64.19 1 1
template/server/services/auth.go:59.38,60.38 1 1
template/server/services/auth.go:60.38,62.4 1 0
template/server/services/auth.go:67.33,69.2 1 1
template/server/services/auth.go:71.103,77.56 3 1
template/server/services/auth.go:81.2,99.16 4 1
template/server/services/auth.go:105.2,106.16 2 1
template/server/services/auth.go:110.2,110.35 1 1
template/server/services/auth.go:130.2,131.16 2 1
template/server/services/auth.go:134.2,135.33 2 1
template/server/services/auth.go:77.56,79.3 1 0
template/server/services/auth.go:99.16,101.3 1 1
template/server/services/auth.go:106.16,109.3 2 1
template/server/services/auth.go:110.35,111.20 1 1
template/server/services/auth.go:115.3,115.21 1 1
template/server/services/auth.go:120.3,122.13 2 1
template/server/services/auth.go:111.20,114.4 2 0
template/server/services/auth.go:115.21,118.4 2 0
template/server/services/auth.go:122.13,125.4 2 1
template/server/services/auth.go:131.16,133.3 1 0
template/server/services/auth.go:142.73,145.19 3 1
template/server/services/auth.go:148.2,148.28 1 1
template/server/services/auth.go:151.2,157.16 3 1
template/server/services/auth.go:160.2,161.23 2 1
template/server/services/auth.go:168.2,177.8 2 1
template/server/services/auth.go:145.19,147.3 1 0
template/server/services/auth.go:148.28,150.3 1 0
template/server/services/auth.go:157.16,159.3 1 0
template/server/services/auth.go:161.23,163.17 2 0
template/server/services/auth.go:166.3,166.28 1 0
template/server/services/auth.go:163.17,165.4 1 0
template/server/services/auth.go:181.109,188.16 3 1
template/server/services/auth.go:191.2,192.16 2 1
template/server/services/auth.go:196.2,197.16 2 1
template/server/services/auth.go:202.2,205.16 4 1
template/server/services/auth.go:208.2,209.16 2 1
template/server/services/auth.go:212.2,212.33 1 1
template/server/services/auth.go:188.16,190.3 1 1
template/server/services/auth.go:192.16,194.3 1 1
template/server/services/auth.go:197.16,200.3 1 0
template/server/services/auth.go:205.16,207.3 1 1
template/server/services/auth.go:209.16,211.3 1 0
template/server/services/auth.go:215.118,221.31 2 1
template/server/services/auth.go:226.2,227.16 2 1
template/server/services/auth.go:234.2,235.16 2 1
template/server/services/auth.go:240.2,241.16 2 1
template/server/services/auth.go:246.2,246.12 1 1
template/server/services/auth.go:254.2,254.33 1 1
template/server/services/auth.go:221.31,224.3 1 1
template/server/services/auth.go:227.16,230.3 1 0
template/server/services/auth.go:235.16,238.3 1 0
template/server/services/auth.go:241.16,244.3 1 0
template/server/services/auth.go:246.12,249.17 3 1
template/server/services/auth.go:249.17,251.4 1 0
template/server/services/auth.go:257.101,263.31 2 1
template/server/services/auth.go:268.2,269.16 2 1
template/server/services/auth.go:273.2,275.8 1 1
template/server/services/auth.go:263.31,265.3 1 1
template/server/services/auth.go:269.16,272.3 2 0
template/server/services/auth.go:278.111,284.16 3 1
template/server/services/auth.go:288.2,293.16 5 1
template/server/services/auth.go:302.2,303.16 2 1
template/server/services/auth.go:307.2,307.23 1 1
template/server/services/auth.go:315.2,319.16 2 1
template/server/services/auth.go:325.2,327.16 2 1
template/server/services/auth.go:333.2,336.8 1 1
template/server/services/auth.go:284.16,286.3 1 1
template/server/services/auth.go:293.16,294.27 1 0
template/server/services/auth.go:294.28,296.4 0 0
template/server/services/auth.go:296.9,299.4 1 0
template/server/services/auth.go:303.16,306.3 1 0
template/server/services/auth.go:307.23,309.23 1 0
template/server/services/auth.go:309.23,311.4 1 0
template/server/services/auth.go:319.16,322.3 1 0
template/server/services/auth.go:327.16,330.3 1 0
template/server/services/auth.go:339.111,344.16 3 1
template/server/services/auth.go:347.2,347.22 1 1
template/server/services/auth.go:351.2,355.16 4 1
template/server/services/auth.go:363.2,363.26 1 1
template/server/services/auth.go:367.2,368.12 2 1
template/server/services/auth.go:372.2,373.16 2 1
template/server/services/auth.go:377.2,379.8 1 1
template/server/services/auth.go:344.16,346.3 1 0
template/server/services/auth.go:347.22,349.3 1 0
template/server/services/auth.go:355.16,356.27 1 0
template/server/services/auth.go:356.27,358.4 1 0
template/server/services/auth.go:358.9,361.4 1 0
template/server/services/auth.go:363.26,365.3 1 0
template/server/services/auth.go:368.12,370.3 1 0
template/server/services/auth.go:373.16,376.3 1 0
template/server/services/auth.go:382.114,384.16 2 1
template/server/services/auth.go:388.2,397.16 6 1
template/server/services/auth.go:405.2,405.18 1 1
template/server/services/auth.go:408.2,408.36 1 1
template/server/services/auth.go:412.2,413.16 2 1
template/server/services/auth.go:417.2,418.16 2 1
template/server/services/auth.go:422.2,424.8 1 1
template/server/services/auth.go:384.16,386.3 1 1
template/server/services/auth.go:397.16,398.27 1 0
template/server/services/auth.go:398.27,400.4 1 0
template/server/services/auth.go:400.9,403.4 1 0
template/server/services/auth.go:405.18,407.3 1 0
template/server/services/auth.go:408.36,410.3 1 0
template/server/services/auth.go:413.16,415.3 1 0
template/server/services/auth.go:418.16,421.3 1 0
template/server/services/auth.go:427.99,429.16 2 1
template/server/services/auth.go:433.2,440.16 6 1
template/server/services/auth.go:449.2,450.18 2 1
template/server/services/auth.go:458.2,467.8 1 1
template/server/services/auth.go:429.16,431.3 1 1
template/server/services/auth.go:440.16,441.27 1 0
template/server/services/auth.go:441.27,443.4 1 0
template/server/services/auth.go:443.9,446.4 1 0
template/server/services/auth.go:450.18,452.17 2 0
template/server/services/auth.go:455.3,455.28 1 0
template/server/services/auth.go:452.17,454.4 1 0
template/server/services/auth.go:473.85,476.9 2 1
template/server/services/auth.go:479.2,480.25 2 1
template/server/services/auth.go:485.2,488.16 3 1
template/server/services/auth.go:493.2,496.16 4 1
template/server/services/auth.go:501.2,502.39 2 1
template/server/services/auth.go:476.9,478.3 1 0
template/server/services/auth.go:480.25,482.3 1 1
template/server/services/auth.go:488.16,491.3 1 1
template/server/services/auth.go:496.16,499.3 1 0
template/server/services/avatar.go:30.119,34.20 2 1
template/server/services/avatar.go:37.2,38.16 2 1
template/server/services/avatar.go:42.2,44.33 3 1
template/server/services/avatar.go:47.2,49.81 3 1
template/server/services/avatar.go:52.2,56.16 5 1
template/server/services/avatar.go:60.2,61.16 2 1
template/server/services/avatar.go:65.2,68.8 1 1
template/server/services/avatar.go:34.20,36.3 1 1
template/server/services/avatar.go:38.16,41.3 2 1
template/server/services/avatar.go:44.33,46.3 1 0
template/server/services/avatar.go:49.81,51.3 1 0
template/server/services/avatar.go:56.16,59.3 2 0
template/server/services/avatar.go:61.16,64.3 2 0
template/server/services/avatar.go:72.122,77.16 3 1
template/server/services/avatar.go:82.2,83.16 2 1
template/server/services/avatar.go:88.2,89.17 2 1
template/server/services/avatar.go:93.2,93.13 1 1
template/server/services/avatar.go:96.2,97.16 2 1
template/server/services/avatar.go:101.2,105.16 3 1
template/server/services/avatar.go:111.2,113.8 1 1
template/server/services/avatar.go:77.16,80.3 2 1
template/server/services/avatar.go:83.16,86.3 2 0
template/server/services/avatar.go:89.17,92.3 2 0
template/server/services/avatar.go:93.13,95.3 1 0
template/server/services/avatar.go:97.16,100.3 2 0
template/server/services/avatar.go:105.16,108.3 2 0
template/server/services/avatar.go:187.92,189.16 2 1
template/server/services/avatar.go:193.2,195.16 3 1
template/server/services/avatar.go:199.2,200.28 2 1
template/server/services/avatar.go:189.16,191.3 1 1
template/server/services/avatar.go:195.16,198.3 2 0
template/server/services/avatar.go:204.123,216.16 4 1
template/server/services/avatar.go:220.2,220.70 1 1
template/server/services/avatar.go:225.2,227.16 2 1
template/server/services/avatar.go:232.2,234.8 1 1
template/server/services/avatar.go:216.16,219.3 2 0
template/server/services/avatar.go:220.70,223.3 2 0
template/server/services/avatar.go:227.16,230.3 2 0
